03-01 16:42:20 INFO  XZYStart - Server[logServer] Start Success!
03-01 16:42:20 INFO  ThreadPoolServer - Create New ThreadPool[cost_stat_timer_1601600603-ThreadPool[443869649]] Success
03-01 16:42:20 INFO  ThreadPoolServer - Create New TimerPool[cost_stat_timer_1601600603] Success
03-01 16:42:21 INFO  org.hibernate.Version - HHH000412: Hibernate Core {5.2.12.Final}
03-01 16:42:21 INFO  org.hibernate.cfg.Environment - HHH000206: hibernate.properties not found
03-01 16:42:21 INFO  org.hibernate.annotations.common.Version - HCANN000001: Hibernate Commons Annotations {5.0.1.Final}
03-01 16:42:22 WARN  org.hibernate.orm.connections.pooling - HHH10001002: Using Hibernate built-in connection pool (not for production use!)
03-01 16:42:22 INFO  org.hibernate.orm.connections.pooling - HHH10001005: using driver [com.mysql.jdbc.Driver] at URL [jdbc:mysql://192.168.1.10:3306/EASYTAXI]
03-01 16:42:22 INFO  org.hibernate.orm.connections.pooling - HHH10001001: Connection properties: {user=easyits, password=easyits}
03-01 16:42:22 INFO  org.hibernate.orm.connections.pooling - HHH10001003: Autocommit mode: false
03-01 16:42:22 INFO  org.hibernate.engine.jdbc.connections.internal.DriverManagerConnectionProviderImpl - HHH000115: Hibernate connection pool size: 1 (min=1)
03-01 16:42:22 INFO  org.hibernate.dialect.Dialect - HHH000400: Using dialect: org.hibernate.dialect.MySQLDialect
03-01 16:42:23 INFO  ThreadPoolServer - Create New ThreadPool[SL_Manager_Redis_Server-redisListener] Success
03-01 16:42:23 INFO  XZYStart - Server[SL_Manager_Redis_Server] Start Success!
03-01 16:42:23 INFO  XZYStart - Server[SL_Manager_WebSocketServer] Start Success!
03-01 16:42:23 INFO  XZYStart - Config File Load Success!  D:\EntersSellsSaves\SL_Manager\WebContent\WEB-INF\conf\server.xml	/D:/EntersSellsSaves/SL_Manager/WebContent/WEB-INF/conf/server.xml
03-01 16:42:23 INFO  EntryAction - WebServer Struct Start Success!
03-01 16:42:23 INFO  ThreadPoolServer - Create New ThreadPool[Web Entry Mapping Server-ThreadPool[1060549703]] Success
03-01 16:42:23 WARN  org.hibernate.orm.connections.pooling - HHH10001002: Using Hibernate built-in connection pool (not for production use!)
03-01 16:42:23 INFO  org.hibernate.orm.connections.pooling - HHH10001005: using driver [com.mysql.jdbc.Driver] at URL [jdbc:mysql://192.168.1.10:3306/EASYTAXI]
03-01 16:42:23 INFO  org.hibernate.orm.connections.pooling - HHH10001001: Connection properties: {user=easyits, password=easyits}
03-01 16:42:23 INFO  org.hibernate.orm.connections.pooling - HHH10001003: Autocommit mode: false
03-01 16:42:23 INFO  org.hibernate.engine.jdbc.connections.internal.DriverManagerConnectionProviderImpl - HHH000115: Hibernate connection pool size: 1 (min=1)
03-01 16:42:23 INFO  org.hibernate.dialect.Dialect - HHH000400: Using dialect: org.hibernate.dialect.MySQLDialect
03-01 16:42:23 INFO  XZYActionContainerServer - Load Mapping Server[Web Entry Mapping Server]'s Config [D:\EntersSellsSaves\SL_Manager\WebContent\WEB-INF\conf\action_mapping.xml] Success!
03-01 16:42:23 INFO  EntryAction - Web Entry Mapping Server Start Success!
03-01 16:42:24 INFO  XZYStart - Server[SL_Manager_Web_Server] Start Success!
03-01 16:42:24 INFO  XZYStart - Config File Load Success!  ./conf/start_server.xml	/D:/EntersSellsSaves/SL_Manager/./conf/start_server.xml
03-01 16:42:24 ERROR XZYStart - System start finish.
